2023-10-26T13:53:58.108Z [E-Shop] error: Unhandled Rejection error occurred: querySrv ESERVFAIL _mongodb._tcp.cluster0.w3tho.mongodb.net
2023-10-26T13:54:08.158Z [E-Shop] error: An error occurred: Operation `errorlogs.insertOne()` buffering timed out after 10000ms
2023-10-26T13:55:39.257Z [E-Shop] error: An error occurred: Not Found
2023-10-26T13:57:31.032Z [E-Shop] error: Unhandled Rejection error occurred: queryTxt ESERVFAIL cluster0.w3tho.mongodb.net
2023-10-26T13:57:41.090Z [E-Shop] error: An error occurred: Operation `errorlogs.insertOne()` buffering timed out after 10000ms
2023-10-26T13:58:44.962Z [E-Shop] error: An error occurred: Not Found
2023-10-26T13:58:54.980Z [E-Shop] error: An error occurred: Operation `errorlogs.insertOne()` buffering timed out after 10000ms
2023-10-26T13:59:25.048Z [E-Shop] error: Unhandled Rejection error occurred: Operation `users.findOne()` buffering timed out after 10000ms
2023-10-26T13:59:35.061Z [E-Shop] error: An error occurred: Operation `errorlogs.insertOne()` buffering timed out after 10000ms
2023-10-26T14:09:36.086Z [E-Shop] error: Unhandled Rejection error occurred: User validation failed: role: Path `role` is required.
2023-10-26T14:11:07.630Z [E-Shop] error: Unhandled Rejection error occurred: A user with the given username is already registered
2023-10-30T17:00:02.497Z [E-Shop] error: Unhandled Rejection error occurred: connection timed out
2023-10-30T17:00:12.543Z [E-Shop] error: An error occurred: Operation `errorlogs.insertOne()` buffering timed out after 10000ms
2023-10-30T18:03:46.457Z [E-Shop] error: Unhandled Rejection error occurred: Error creating user: User validation failed: role: Path `role` is required., password: Path `password` is required., email: Path `email` is required., username: Path `username` is required., lastName: Path `lastName` is required., firstName: Path `firstName` is required.
2023-10-30T18:22:06.744Z [E-Shop] error: An error occurred: Not Found
2023-10-30T20:21:40.827Z [E-Shop] error: An error occurred: Not Found
2023-10-30T20:22:09.545Z [E-Shop] error: Unhandled Rejection error occurred: Logout Error Parameter "obj" to Document() must be an object, got "Bearer eyJhbGciOiJIUzI1NiIsInR5cCI6IkpXVCJ9.eyJpZCI6IjY1M2ZmODI5N2FjZThjZTU4MmU3OTUyYiIsInVzZXJuYW1lIjoic2FudGFuIiwicm9sZSI6ImN1c3RvbWVyIiwiaWF0IjoxNjk4Njk3Mjg5fQ.JSrrwAnBswpsb-ryNcglJtY6zxltQqq-pmT133ZKkjQ" (type string)
2023-10-30T20:28:45.746Z [E-Shop] error: Unhandled Rejection error occurred: Logout Error Error formatting JWT TokentokenWithBearer is not defined
2023-10-31T13:17:03.598Z [E-Shop] error: An error occurred: Error formatting JWT TokenCannot read properties of undefined (reading 'replace')
2023-10-31T13:20:00.710Z [E-Shop] error: An error occurred: Error formatting JWT TokenCannot read properties of undefined (reading 'replace')
2023-10-31T13:30:03.296Z [E-Shop] error: An error occurred: Error formatting JWT TokenCannot read properties of undefined (reading 'replace')
2023-10-31T13:30:23.421Z [E-Shop] error: An error occurred: Error formatting JWT TokenCannot read properties of undefined (reading 'replace')
2023-10-31T13:32:16.502Z [E-Shop] error: An error occurred: Error formatting JWT TokenCannot read properties of undefined (reading 'replace')
2023-10-31T13:32:31.187Z [E-Shop] error: An error occurred: Error formatting JWT TokenCannot read properties of undefined (reading 'replace')
2023-10-31T13:32:48.886Z [E-Shop] error: An error occurred: jwt is not defined
2023-10-31T13:33:29.806Z [E-Shop] error: An error occurred: secretKey is not defined
2023-10-31T13:34:50.258Z [E-Shop] error: An error occurred: Error formatting JWT TokenCannot read properties of undefined (reading 'replace')
2023-10-31T13:36:58.034Z [E-Shop] error: An error occurred: Cannot access 'token' before initialization
2023-10-31T13:38:24.519Z [E-Shop] error: An error occurred: Not Found
2023-10-31T13:39:16.743Z [E-Shop] error: An error occurred: Not Found
2023-10-31T13:39:30.150Z [E-Shop] error: An error occurred: Not Found
2023-10-31T13:40:39.681Z [E-Shop] error: An error occurred: Not Found
2023-10-31T14:18:52.514Z [E-Shop] error: Unhandled Rejection error occurred: connection timed out
2023-10-31T14:19:02.551Z [E-Shop] error: An error occurred: Operation `errorlogs.insertOne()` buffering timed out after 10000ms
2023-11-01T15:03:52.703Z [E-Shop] error: Unhandled Rejection error occurred: connection timed out
2023-11-01T15:04:02.730Z [E-Shop] error: An error occurred: Operation `errorlogs.insertOne()` buffering timed out after 10000ms
2023-11-01T16:53:48.559Z [E-Shop] error: Unhandled Rejection error occurred: extractUserAgent is not defined
2023-11-01T16:55:22.987Z [E-Shop] error: Unhandled Rejection error occurred: winstonLogger is not defined
2023-11-01T16:56:00.472Z [E-Shop] error: An error occurred: fileMimeTypes is not defined
2023-11-01T16:57:08.528Z [E-Shop] error: An error occurred: path is not defined
2023-11-01T17:00:45.884Z [E-Shop] error: An error occurred: Failed to store product category image.
2023-11-01T17:01:45.824Z [E-Shop] error: An error occurred: Failed to store product category image.
2023-11-01T17:10:07.914Z [E-Shop] error: An error occurred: Failed to store product category image.
2023-11-01T17:10:12.338Z [E-Shop] error: An error occurred: Failed to store product category image.
2023-11-01T17:13:56.537Z [E-Shop] error: An error occurred: Failed to store product category image.
2023-11-01T17:16:03.903Z [E-Shop] error: An error occurred: Failed to store product category image.
2023-11-01T17:16:53.101Z [E-Shop] error: An error occurred: Error Creating Product Category: E11000 duplicate key error collection: e-shop-local.productcategories index: category_1_subCategory_-1 dup key: { category: "Women's Fashion", subCategory: "Shoes" }
2023-11-01T17:26:32.181Z [E-Shop] error: An error occurred: Error Creating Product Category: E11000 duplicate key error collection: e-shop-local.productcategories index: category_1_subCategory_-1 dup key: { category: "Women's Fashion", subCategory: "Shoes" }
2023-11-01T17:27:17.720Z [E-Shop] error: An error occurred: Error Creating Product Category: E11000 duplicate key error collection: e-shop-local.productcategories index: category_1_subCategory_-1 dup key: { category: "Women's Fashion", subCategory: "Shoes" }
2023-11-01T17:27:32.731Z [E-Shop] error: An error occurred: Failed to store product category image.
2023-11-05T09:16:50.985Z [E-Shop] error: Unhandled Rejection error occurred: connection timed out
2023-11-05T09:17:01.022Z [E-Shop] error: An error occurred: Operation `errorlogs.insertOne()` buffering timed out after 10000ms
2023-11-05T11:04:11.922Z [E-Shop] error: An error occurred: Error updating product category: Parameter "filter" to findOne() must be an object, got "65428ae647a712030805b02a" (type string)
2023-11-05T11:11:34.928Z [E-Shop] error: An error occurred: Error deleting product category: Cast to ObjectId failed for value "{ productCategoryId: '65476c30623e490c089a2741' }" (type Object) at path "_id" for model "ProductCategory"
2023-11-05T11:14:55.946Z [E-Shop] error: An error occurred: Error deleting product category: Cast to ObjectId failed for value "{ productCategoryId: '65476c30623e490c089a2741' }" (type Object) at path "_id" for model "ProductCategory"
2023-11-05T11:15:26.365Z [E-Shop] error: An error occurred: Error deleting product category: Cast to ObjectId failed for value "{ _id: { productCategoryId: '65476c30623e490c089a2741' } }" (type Object) at path "_id" for model "ProductCategory"
2023-11-05T11:18:03.145Z [E-Shop] error: An error occurred: product category with the id 65476c30623e490c089a2741 could not be deleted
2023-11-05T17:02:35.603Z [E-Shop] error: An error occurred: Not Found
2023-11-05T17:18:48.470Z [E-Shop] error: An error occurred: Error updating product attribute: ProductCategory is not defined
2023-11-05T17:27:40.528Z [E-Shop] error: An error occurred: productCategoryId is not defined
2023-11-05T17:28:13.588Z [E-Shop] error: An error occurred: product attribute with the id undefined could not be deleted
2023-11-07T08:29:33.855Z [E-Shop] error: Unhandled Rejection error occurred: connection timed out
2023-11-07T08:29:43.923Z [E-Shop] error: An error occurred: Operation `errorlogs.insertOne()` buffering timed out after 10000ms
2023-11-07T10:00:54.518Z [E-Shop] error: An error occurred: Not Found
2023-11-07T10:01:34.520Z [E-Shop] error: An error occurred: Unexpected field
2023-11-07T10:02:22.969Z [E-Shop] error: An error occurred: Unexpected field
2023-11-07T10:02:39.734Z [E-Shop] error: An error occurred: Could not create product
2023-11-07T10:03:57.338Z [E-Shop] error: An error occurred: Could not create product
2023-11-07T10:05:42.128Z [E-Shop] error: An error occurred: Unexpected field
2023-11-07T10:08:42.055Z [E-Shop] error: An error occurred: Unexpected field
2023-11-07T10:09:18.699Z [E-Shop] error: An error occurred: Unexpected field
2023-11-07T10:09:38.034Z [E-Shop] error: An error occurred: Unexpected field
2023-11-07T12:06:41.070Z [E-Shop] error: An error occurred: Cannot access 'productImages' before initialization
2023-11-07T12:10:52.892Z [E-Shop] error: An error occurred: Unexpected field
2023-11-07T12:14:32.906Z [E-Shop] error: An error occurred: Unexpected field
2023-11-07T12:14:48.707Z [E-Shop] error: An error occurred: Unexpected field
2023-11-07T12:15:50.610Z [E-Shop] error: An error occurred: Unexpected field
2023-11-08T12:12:50.570Z [E-Shop] error: Unhandled Rejection error occurred: connection timed out
2023-11-08T12:13:00.649Z [E-Shop] error: An error occurred: Operation `errorlogs.insertOne()` buffering timed out after 10000ms
2023-11-08T12:44:56.160Z [E-Shop] error: An error occurred: product with the id 654a0d13a877ac0da60b7a27 could not be deleted
2023-11-08T13:44:25.527Z [E-Shop] error: An error occurred: could not update product
